<?xml version="1.0" encoding="UTF-8"?>
<testng-results ignored="0" total="2" passed="2" failed="0" skipped="0">
  <reporter-output>
  </reporter-output>
  <suite started-at="2022-06-08T19:13:36 IST" name="Surefire suite" finished-at="2022-06-08T19:13:36 IST" duration-ms="458">
    <groups>
      <group name="cucumber">
        <method signature="AbstractTestNGCucumberTests.runScenario(io.cucumber.testng.PickleWrapper,io.cucumber.testng.FeatureWrapper)[pri:0, instance:Runner.TestRunner@80169cf]" name="runScenario" class="io.cucumber.testng.AbstractTestNGCucumberTests"/>
      </group> <!-- cucumber -->
    </groups>
    <test started-at="2022-06-08T19:13:36 IST" name="Surefire test" finished-at="2022-06-08T19:13:36 IST" duration-ms="458">
      <class name="Runner.TestRunner">
        <test-method is-config="true" signature="setUpClass(org.testng.ITestContext)[pri:0, instance:Runner.TestRunner@80169cf]" started-at="2022-06-08T19:13:36 IST" name="setUpClass" finished-at="2022-06-08T19:13:36 IST" duration-ms="348" status="PASS">
          <params>
            <param index="0">
              <value>
                <![CDATA[org.testng.TestRunner@3542162a]]>
              </value>
            </param>
          </params>
          <reporter-output>
          </reporter-output>
        </test-method> <!-- setUpClass -->
        <test-method signature="runScenario(io.cucumber.testng.PickleWrapper,io.cucumber.testng.FeatureWrapper)[pri:0, instance:Runner.TestRunner@80169cf]" started-at="2022-06-08T19:13:36 IST" name="runScenario" description="Runs Cucumber Scenarios" data-provider="scenarios" finished-at="2022-06-08T19:13:36 IST" duration-ms="44" status="PASS">
          <params>
            <param index="0">
              <value>
                <![CDATA["Login Button Validation"]]>
              </value>
            </param>
            <param index="1">
              <value>
                <![CDATA["Login Scenario on User Application"]]>
              </value>
            </param>
          </params>
          <reporter-output>
          </reporter-output>
        </test-method> <!-- runScenario -->
        <test-method is-config="true" signature="tearDownClass()[pri:0, instance:Runner.TestRunner@80169cf]" started-at="2022-06-08T19:13:36 IST" name="tearDownClass" finished-at="2022-06-08T19:13:36 IST" duration-ms="47" status="PASS">
          <reporter-output>
          </reporter-output>
        </test-method> <!-- tearDownClass -->
      </class> <!-- Runner.TestRunner -->
      <class name="SampleTest">
        <test-method signature="startup()[pri:0, instance:SampleTest@1e4a7dd4]" started-at="2022-06-08T19:13:36 IST" name="startup" finished-at="2022-06-08T19:13:36 IST" duration-ms="1" status="PASS">
          <reporter-output>
          </reporter-output>
        </test-method> <!-- startup -->
      </class> <!-- SampleTest -->
    </test> <!-- Surefire test -->
  </suite> <!-- Surefire suite -->
</testng-results>
